
> bingo-online-75@1.0.0 dev
> concurrently "npm run dev:backend" "npm run dev:frontend"

[0] 
[0] > bingo-online-75@1.0.0 dev:backend
[0] > cd backend && npm run dev
[0] 
[1] 
[1] > bingo-online-75@1.0.0 dev:frontend
[1] > cd frontend && npm run dev
[1] 
[1] 
[1] > bingo-la-perla-frontend@1.0.0 dev
[1] > vite
[1] 
[0] 
[0] > bingo-backend@1.0.0 dev
[0] > nodemon src/server.ts
[0] 
[0] [33m[nodemon] 3.1.10[39m
[0] [33m[nodemon] to restart at any time, enter `rs`[39m
[0] [33m[nodemon] watching path(s): src/**/*[39m
[0] [33m[nodemon] watching extensions: ts,json[39m
[0] [32m[nodemon] starting `ts-node -r tsconfig-paths/register src/server.ts src/server.ts`[39m
[1] 
[1]   VITE v5.4.19  ready in 316 ms
[1] 
[1]   ➜  Local:   http://localhost:5173/
[1]   ➜  Network: http://192.168.100.60:5173/
[0] 17:45:30 [[36minfo[39m]: [36mSystem metrics collection started[39m
[0] {
[0]   "module": "performance",
[0]   "interval": 30000
[0] }
[0] 17:45:30 [[36minfo[39m]: [36mConnecting to databases...[39m
[0] 17:45:31 [[36minfo[39m]: ✅ Conexión a PostgreSQL establecida exitosamente
[0] prisma:query SELECT 1
[0] 17:45:31 [[36minfo[39m]: ✅ Base de datos PostgreSQL funcionando correctamente
[0] 17:45:31 [[31merror[39m]: AggregateError
[0]     at internalConnectMultiple (node:net:1139:18)
[0]     at afterConnectMultiple (node:net:1714:7)
[0] 17:45:31 [[31merror[39m]: AggregateError
[0]     at internalConnectMultiple (node:net:1139:18)
[0]     at afterConnectMultiple (node:net:1714:7)
[0] 17:45:31 [[33mwarn[39m]: ⚠️ Continuando sin Redis para desarrollo
[0] 17:45:31 [[36minfo[39m]: [36mInitializing report scheduler...[39m
[0] 17:45:31 [[36minfo[39m]: [36mInitializing scheduler service[39m
[0] {
[0]   "module": "analytics"
[0] }
[0] 17:45:31 [[36minfo[39m]: [36mTask scheduled successfully[39m
[0] {
[0]   "module": "analytics",
[0]   "taskId": "kpi-alerts-hourly",
[0]   "type": "kpi-alerts",
[0]   "frequency": "daily",
[0]   "nextRun": "2025-08-03T23:00:00.000Z",
[0]   "timeUntilRun": 868956
[0] }
[0] 17:45:31 [[36minfo[39m]: [36mTask scheduled successfully[39m
[0] {
[0]   "module": "analytics",
[0]   "taskId": "daily-report-auto",
[0]   "type": "daily",
[0]   "frequency": "daily",
[0]   "nextRun": "2025-08-04T13:00:00.000Z",
[0]   "timeUntilRun": 51268956
[0] }
[0] 17:45:31 [[36minfo[39m]: [36mTask scheduled successfully[39m
[0] {
[0]   "module": "analytics",
[0]   "taskId": "weekly-report-auto",
[0]   "type": "weekly",
[0]   "frequency": "weekly",
[0]   "nextRun": "2025-08-04T14:00:00.000Z",
[0]   "timeUntilRun": 54868956
[0] }
[0] 17:45:31 [[36minfo[39m]: [36mTask scheduled successfully[39m
[0] {
[0]   "module": "analytics",
[0]   "taskId": "monthly-report-auto",
[0]   "type": "monthly",
[0]   "frequency": "monthly",
[0]   "nextRun": "2025-09-01T15:00:00.000Z",
[0]   "timeUntilRun": 2477668955
[0] }
[0] 17:45:31 [[36minfo[39m]: [36mScheduler service initialized successfully[39m
[0] {
[0]   "module": "analytics",
[0]   "tasksCount": 4
[0] }
[0] 17:45:31 [[36minfo[39m]: [36mServer started successfully[39m
[0] {
[0]   "port": 3001,
[0]   "environment": "development",
[0]   "frontendUrl": "http://localhost:5173",
[0]   "features": [
[0]     "HTTP",
[0]     "Socket.IO",
[0]     "CORS",
[0]     "Analytics",
[0]     "Reports",
[0]     "Scheduler"
[0]   ]
[0] }
[0] 17:46:00 [[36minfo[39m]: Realtime metrics recorded
[0] 17:46:30 [[36minfo[39m]: Realtime metrics recorded
[0] prisma:query SELECT 1
[0] prisma:query SELECT `main`.`users`.`id`, `main`.`users`.`email`, `main`.`users`.`username`, `main`.`users`.`password`, `main`.`users`.`role`, `main`.`users`.`balance`, `main`.`users`.`createdAt`, `main`.`users`.`updatedAt` FROM `main`.`users` WHERE (`main`.`users`.`email` = ? OR `main`.`users`.`username` = ?) LIMIT ? OFFSET ?
[0] prisma:query SELECT `main`.`users`.`id`, `main`.`users`.`email`, `main`.`users`.`username`, `main`.`users`.`password`, `main`.`users`.`role`, `main`.`users`.`balance`, `main`.`users`.`createdAt`, `main`.`users`.`updatedAt` FROM `main`.`users` WHERE (`main`.`users`.`id` = ? AND 1=1) LIMIT ? OFFSET ?
[0] 17:46:35 [[36minfo[39m]: Tokens generados para usuario: jugador@test.com
[0] 17:46:35 [[35maudit[39m]: [35mAUDIT: login_attempt on user_session[39m
[0] {
[0]   "module": "auth",
[0]   "ip": "::1",
[0]   "userAgent": "Mozilla/5.0 (Macintosh; Intel Mac OS X 10_15_7) AppleWebKit/537.36 (KHTML, like Gecko) Chrome/139.0.0.0 Safari/537.36",
[0]   "auditEvent": {
[0]     "action": "login_attempt",
[0]     "resource": "user_session",
[0]     "userId": "jugador@test.com",
[0]     "success": true,
[0]     "reason": "valid_credentials"
[0]   }
[0] }
[0] 17:46:35 [[36minfo[39m]: [36mHTTP POST /login 200 407ms[39m
[0] {
[0]   "userAgent": "Mozilla/5.0 (Macintosh; Intel Mac OS X 10_15_7) AppleWebKit/537.36 (KHTML, like Gecko) Chrome/139.0.0.0 Safari/537.36",
[0]   "ip": "::1",
[0]   "httpRequest": {
[0]     "method": "POST",
[0]     "url": "/login",
[0]     "statusCode": 200,
[0]     "responseTime": 407
[0]   },
[0]   "type": "http"
[0] }
[0] 17:47:00 [[36minfo[39m]: Realtime metrics recorded
[0] 17:47:30 [[36minfo[39m]: Realtime metrics recorded
[0] prisma:query SELECT 1
[0] prisma:query SELECT `main`.`users`.`id`, `main`.`users`.`email`, `main`.`users`.`username`, `main`.`users`.`password`, `main`.`users`.`role`, `main`.`users`.`balance`, `main`.`users`.`createdAt`, `main`.`users`.`updatedAt` FROM `main`.`users` WHERE (`main`.`users`.`email` = ? OR `main`.`users`.`username` = ?) LIMIT ? OFFSET ?
[0] prisma:query SELECT `main`.`users`.`id`, `main`.`users`.`email`, `main`.`users`.`username`, `main`.`users`.`password`, `main`.`users`.`role`, `main`.`users`.`balance`, `main`.`users`.`createdAt`, `main`.`users`.`updatedAt` FROM `main`.`users` WHERE (`main`.`users`.`id` = ? AND 1=1) LIMIT ? OFFSET ?
[0] 17:47:45 [[36minfo[39m]: Tokens generados para usuario: jugador@test.com
[0] 17:47:45 [[35maudit[39m]: [35mAUDIT: login_attempt on user_session[39m
[0] {
[0]   "module": "auth",
[0]   "ip": "::1",
[0]   "userAgent": "Mozilla/5.0 (Macintosh; Intel Mac OS X 10_15_7) AppleWebKit/537.36 (KHTML, like Gecko) Chrome/139.0.0.0 Safari/537.36",
[0]   "auditEvent": {
[0]     "action": "login_attempt",
[0]     "resource": "user_session",
[0]     "userId": "jugador@test.com",
[0]     "success": true,
[0]     "reason": "valid_credentials"
[0]   }
[0] }
[0] 17:47:45 [[36minfo[39m]: [36mHTTP POST /login 200 339ms[39m
[0] {
[0]   "userAgent": "Mozilla/5.0 (Macintosh; Intel Mac OS X 10_15_7) AppleWebKit/537.36 (KHTML, like Gecko) Chrome/139.0.0.0 Safari/537.36",
[0]   "ip": "::1",
[0]   "httpRequest": {
[0]     "method": "POST",
[0]     "url": "/login",
[0]     "statusCode": 200,
[0]     "responseTime": 339
[0]   },
[0]   "type": "http"
[0] }
[0] prisma:query SELECT `main`.`users`.`id`, `main`.`users`.`email`, `main`.`users`.`username`, `main`.`users`.`password`, `main`.`users`.`role`, `main`.`users`.`balance`, `main`.`users`.`createdAt`, `main`.`users`.`updatedAt` FROM `main`.`users` WHERE (`main`.`users`.`email` = ? OR `main`.`users`.`username` = ?) LIMIT ? OFFSET ?
[0] 17:47:54 [[33mwarn[39m]: [33mHTTP POST /login 401 3ms[39m
[0] {
[0]   "userAgent": "Mozilla/5.0 (Macintosh; Intel Mac OS X 10_15_7) AppleWebKit/537.36 (KHTML, like Gecko) Chrome/139.0.0.0 Safari/537.36",
[0]   "ip": "::1",
[0]   "httpRequest": {
[0]     "method": "POST",
[0]     "url": "/login",
[0]     "statusCode": 401,
[0]     "responseTime": 3
[0]   },
[0]   "type": "http"
[0] }
[0] 17:48:00 [[36minfo[39m]: Realtime metrics recorded
[0] 17:48:30 [[36minfo[39m]: Realtime metrics recorded
[0] prisma:query SELECT 1
[0] prisma:query SELECT `main`.`users`.`id`, `main`.`users`.`email`, `main`.`users`.`username`, `main`.`users`.`password`, `main`.`users`.`role`, `main`.`users`.`balance`, `main`.`users`.`createdAt`, `main`.`users`.`updatedAt` FROM `main`.`users` WHERE (`main`.`users`.`email` = ? OR `main`.`users`.`username` = ?) LIMIT ? OFFSET ?
[0] prisma:query SELECT `main`.`users`.`id`, `main`.`users`.`email`, `main`.`users`.`username`, `main`.`users`.`password`, `main`.`users`.`role`, `main`.`users`.`balance`, `main`.`users`.`createdAt`, `main`.`users`.`updatedAt` FROM `main`.`users` WHERE (`main`.`users`.`id` = ? AND 1=1) LIMIT ? OFFSET ?
[0] 17:48:40 [[36minfo[39m]: Tokens generados para usuario: admin@bingo-la-perla.com
[0] 17:48:40 [[35maudit[39m]: [35mAUDIT: login_attempt on user_session[39m
[0] {
[0]   "module": "auth",
[0]   "ip": "::1",
[0]   "userAgent": "Mozilla/5.0 (Macintosh; Intel Mac OS X 10_15_7) AppleWebKit/537.36 (KHTML, like Gecko) Chrome/139.0.0.0 Safari/537.36",
[0]   "auditEvent": {
[0]     "action": "login_attempt",
[0]     "resource": "user_session",
[0]     "userId": "admin@bingo-la-perla.com",
[0]     "success": true,
[0]     "reason": "valid_credentials"
[0]   }
[0] }
[0] 17:48:40 [[36minfo[39m]: [36mHTTP POST /login 200 342ms[39m
[0] {
[0]   "userAgent": "Mozilla/5.0 (Macintosh; Intel Mac OS X 10_15_7) AppleWebKit/537.36 (KHTML, like Gecko) Chrome/139.0.0.0 Safari/537.36",
[0]   "ip": "::1",
[0]   "httpRequest": {
[0]     "method": "POST",
[0]     "url": "/login",
[0]     "statusCode": 200,
[0]     "responseTime": 342
[0]   },
[0]   "type": "http"
[0] }
[0] prisma:query SELECT 1
[0] prisma:query SELECT `main`.`users`.`id`, `main`.`users`.`email`, `main`.`users`.`username`, `main`.`users`.`password`, `main`.`users`.`role`, `main`.`users`.`balance`, `main`.`users`.`createdAt`, `main`.`users`.`updatedAt` FROM `main`.`users` WHERE (`main`.`users`.`email` = ? OR `main`.`users`.`username` = ?) LIMIT ? OFFSET ?
[0] prisma:query SELECT `main`.`users`.`id`, `main`.`users`.`email`, `main`.`users`.`username`, `main`.`users`.`password`, `main`.`users`.`role`, `main`.`users`.`balance`, `main`.`users`.`createdAt`, `main`.`users`.`updatedAt` FROM `main`.`users` WHERE (`main`.`users`.`id` = ? AND 1=1) LIMIT ? OFFSET ?
[0] 17:49:00 [[36minfo[39m]: Tokens generados para usuario: admin@bingo-la-perla.com
[0] 17:49:00 [[35maudit[39m]: [35mAUDIT: login_attempt on user_session[39m
[0] {
[0]   "module": "auth",
[0]   "ip": "::1",
[0]   "userAgent": "Mozilla/5.0 (Macintosh; Intel Mac OS X 10_15_7) AppleWebKit/537.36 (KHTML, like Gecko) Chrome/139.0.0.0 Safari/537.36",
[0]   "auditEvent": {
[0]     "action": "login_attempt",
[0]     "resource": "user_session",
[0]     "userId": "admin@bingo-la-perla.com",
[0]     "success": true,
[0]     "reason": "valid_credentials"
[0]   }
[0] }
[0] 17:49:00 [[36minfo[39m]: [36mHTTP POST /login 200 405ms[39m
[0] {
[0]   "userAgent": "Mozilla/5.0 (Macintosh; Intel Mac OS X 10_15_7) AppleWebKit/537.36 (KHTML, like Gecko) Chrome/139.0.0.0 Safari/537.36",
[0]   "ip": "::1",
[0]   "httpRequest": {
[0]     "method": "POST",
[0]     "url": "/login",
[0]     "statusCode": 200,
[0]     "responseTime": 405
[0]   },
[0]   "type": "http"
[0] }
[0] 17:49:00 [[36minfo[39m]: Realtime metrics recorded
[0] 17:49:30 [[36minfo[39m]: Realtime metrics recorded
[0] 17:50:00 [[36minfo[39m]: Realtime metrics recorded
[0] 17:50:30 [[36minfo[39m]: Realtime metrics recorded
[0] 17:51:00 [[36minfo[39m]: Realtime metrics recorded
[0] 17:51:30 [[36minfo[39m]: Realtime metrics recorded
[0] 17:52:00 [[36minfo[39m]: Realtime metrics recorded
[0] 17:52:30 [[36minfo[39m]: Realtime metrics recorded
[0] 17:53:00 [[36minfo[39m]: Realtime metrics recorded
[0] prisma:query SELECT 1
[0] prisma:query SELECT `main`.`users`.`id`, `main`.`users`.`email`, `main`.`users`.`username`, `main`.`users`.`password`, `main`.`users`.`role`, `main`.`users`.`balance`, `main`.`users`.`createdAt`, `main`.`users`.`updatedAt` FROM `main`.`users` WHERE (`main`.`users`.`email` = ? OR `main`.`users`.`username` = ?) LIMIT ? OFFSET ?
[0] prisma:query SELECT `main`.`users`.`id`, `main`.`users`.`email`, `main`.`users`.`username`, `main`.`users`.`password`, `main`.`users`.`role`, `main`.`users`.`balance`, `main`.`users`.`createdAt`, `main`.`users`.`updatedAt` FROM `main`.`users` WHERE (`main`.`users`.`id` = ? AND 1=1) LIMIT ? OFFSET ?
[0] 17:53:21 [[36minfo[39m]: Tokens generados para usuario: admin@bingo-la-perla.com
[0] 17:53:21 [[35maudit[39m]: [35mAUDIT: login_attempt on user_session[39m
[0] {
[0]   "module": "auth",
[0]   "ip": "::1",
[0]   "userAgent": "Mozilla/5.0 (Macintosh; Intel Mac OS X 10_15_7) AppleWebKit/537.36 (KHTML, like Gecko) Chrome/139.0.0.0 Safari/537.36",
[0]   "auditEvent": {
[0]     "action": "login_attempt",
[0]     "resource": "user_session",
[0]     "userId": "admin@bingo-la-perla.com",
[0]     "success": true,
[0]     "reason": "valid_credentials"
[0]   }
[0] }
[0] 17:53:21 [[36minfo[39m]: [36mHTTP POST /login 200 360ms[39m
[0] {
[0]   "userAgent": "Mozilla/5.0 (Macintosh; Intel Mac OS X 10_15_7) AppleWebKit/537.36 (KHTML, like Gecko) Chrome/139.0.0.0 Safari/537.36",
[0]   "ip": "::1",
[0]   "httpRequest": {
[0]     "method": "POST",
[0]     "url": "/login",
[0]     "statusCode": 200,
[0]     "responseTime": 360
[0]   },
[0]   "type": "http"
[0] }
[0] 17:53:30 [[36minfo[39m]: Realtime metrics recorded
[0] 17:54:00 [[36minfo[39m]: Realtime metrics recorded
[0] prisma:query SELECT 1
[0] prisma:query SELECT `main`.`users`.`id`, `main`.`users`.`email`, `main`.`users`.`username`, `main`.`users`.`password`, `main`.`users`.`role`, `main`.`users`.`balance`, `main`.`users`.`createdAt`, `main`.`users`.`updatedAt` FROM `main`.`users` WHERE (`main`.`users`.`email` = ? OR `main`.`users`.`username` = ?) LIMIT ? OFFSET ?
[0] prisma:query SELECT `main`.`users`.`id`, `main`.`users`.`email`, `main`.`users`.`username`, `main`.`users`.`password`, `main`.`users`.`role`, `main`.`users`.`balance`, `main`.`users`.`createdAt`, `main`.`users`.`updatedAt` FROM `main`.`users` WHERE (`main`.`users`.`id` = ? AND 1=1) LIMIT ? OFFSET ?
[0] 17:54:23 [[36minfo[39m]: Tokens generados para usuario: admin@bingo-la-perla.com
[0] 17:54:23 [[35maudit[39m]: [35mAUDIT: login_attempt on user_session[39m
[0] {
[0]   "module": "auth",
[0]   "ip": "::1",
[0]   "userAgent": "Mozilla/5.0 (Macintosh; Intel Mac OS X 10_15_7) AppleWebKit/537.36 (KHTML, like Gecko) Chrome/138.0.0.0 Safari/537.36",
[0]   "auditEvent": {
[0]     "action": "login_attempt",
[0]     "resource": "user_session",
[0]     "userId": "admin@bingo-la-perla.com",
[0]     "success": true,
[0]     "reason": "valid_credentials"
[0]   }
[0] }
[0] 17:54:23 [[36minfo[39m]: [36mHTTP POST /login 200 316ms[39m
[0] {
[0]   "userAgent": "Mozilla/5.0 (Macintosh; Intel Mac OS X 10_15_7) AppleWebKit/537.36 (KHTML, like Gecko) Chrome/138.0.0.0 Safari/537.36",
[0]   "ip": "::1",
[0]   "httpRequest": {
[0]     "method": "POST",
[0]     "url": "/login",
[0]     "statusCode": 200,
[0]     "responseTime": 316
[0]   },
[0]   "type": "http"
[0] }
[0] 17:54:30 [[36minfo[39m]: Realtime metrics recorded
[0] 17:54:37 [[36minfo[39m]: [36mUsing mock data for getAllGames[39m
[0] {
[0]   "module": "game"
[0] }
[0] 17:54:37 [[36minfo[39m]: [36mHTTP GET / 200 205ms[39m
[0] {
[0]   "userAgent": "Mozilla/5.0 (Macintosh; Intel Mac OS X 10_15_7) AppleWebKit/537.36 (KHTML, like Gecko) Chrome/138.0.0.0 Safari/537.36",
[0]   "ip": "::1",
[0]   "httpRequest": {
[0]     "method": "GET",
[0]     "url": "/",
[0]     "statusCode": 200,
[0]     "responseTime": 205
[0]   },
[0]   "type": "http"
[0] }
[0] 17:54:39 [[36minfo[39m]: [36mSOCKET: client_connected[39m
[0] {
[0]   "socketEvent": "client_connected",
[0]   "socketData": {
[0]     "socketId": "-wJmSph1y0wXbf13AAAB"
[0]   },
[0]   "type": "socket"
[0] }
[0] 17:54:39 [[36minfo[39m]: [36mBUSINESS: player_joined[39m
[0] {
[0]   "module": "game",
[0]   "userId": "-wJmSph1y0wXbf13AAAB",
[0]   "businessEvent": "player_joined",
[0]   "businessData": {
[0]     "gameId": "game-1",
[0]     "playerCount": 1
[0]   },
[0]   "type": "business"
[0] }
[0] 17:54:47 [[36minfo[39m]: [36mSOCKET: client_connected[39m
[0] {
[0]   "socketEvent": "client_connected",
[0]   "socketData": {
[0]     "socketId": "jcUK-6lr6J3UYKn6AAAE"
[0]   },
[0]   "type": "socket"
[0] }
[0] 17:54:47 [[36minfo[39m]: [36mBUSINESS: player_joined[39m
[0] {
[0]   "module": "game",
[0]   "userId": "jcUK-6lr6J3UYKn6AAAE",
[0]   "businessEvent": "player_joined",
[0]   "businessData": {
[0]     "gameId": "game-1",
[0]     "playerCount": 2
[0]   },
[0]   "type": "business"
[0] }
[0] 17:54:47 [[36minfo[39m]: [36mSOCKET: admin_joined[39m
[0] {
[0]   "socketEvent": "admin_joined",
[0]   "socketData": {
[0]     "gameId": "game-1",
[0]     "socketId": "jcUK-6lr6J3UYKn6AAAE"
[0]   },
[0]   "type": "socket"
[0] }
[0] 17:54:59 [[36minfo[39m]: [36mBUSINESS: admin_set_pattern[39m
[0] {
[0]   "gameId": "game-1",
[0]   "businessEvent": "admin_set_pattern",
[0]   "businessData": {
[0]     "pattern": "full"
[0]   },
[0]   "type": "business"
[0] }
[0] 17:55:00 [[36minfo[39m]: Realtime metrics recorded
[0] 17:55:30 [[36minfo[39m]: Realtime metrics recorded
[0] 17:55:42 [[36minfo[39m]: [36mBUSINESS: admin_called_number[39m
[0] {
[0]   "gameId": "game-1",
[0]   "businessEvent": "admin_called_number",
[0]   "businessData": {
[0]     "number": 63
[0]   },
[0]   "type": "business"
[0] }
[0] 17:56:00 [[36minfo[39m]: Realtime metrics recorded
[0] 17:56:16 [[36minfo[39m]: [36mBUSINESS: admin_called_number[39m
[0] {
[0]   "gameId": "game-1",
[0]   "businessEvent": "admin_called_number",
[0]   "businessData": {
[0]     "number": 67
[0]   },
[0]   "type": "business"
[0] }
[0] 17:56:30 [[36minfo[39m]: Realtime metrics recorded
[0] 17:56:41 [[36minfo[39m]: [36mSOCKET: client_disconnected[39m
[0] {
[0]   "socketEvent": "client_disconnected",
[0]   "socketData": {
[0]     "socketId": "-wJmSph1y0wXbf13AAAB",
[0]     "reason": "client namespace disconnect"
[0]   },
[0]   "type": "socket"
[0] }
[0] 17:56:53 [[36minfo[39m]: [36mUsing mock data for getAllGames[39m
[0] {
[0]   "module": "game"
[0] }
[0] 17:56:54 [[36minfo[39m]: [36mHTTP GET / 200 201ms[39m
[0] {
[0]   "userAgent": "Mozilla/5.0 (Macintosh; Intel Mac OS X 10_15_7) AppleWebKit/537.36 (KHTML, like Gecko) Chrome/138.0.0.0 Safari/537.36",
[0]   "ip": "::1",
[0]   "httpRequest": {
[0]     "method": "GET",
[0]     "url": "/",
[0]     "statusCode": 200,
[0]     "responseTime": 201
[0]   },
[0]   "type": "http"
[0] }
[0] 17:56:55 [[36minfo[39m]: [36mSOCKET: client_connected[39m
[0] {
[0]   "socketEvent": "client_connected",
[0]   "socketData": {
[0]     "socketId": "-3c8HVGocUYB77FBAAAG"
[0]   },
[0]   "type": "socket"
[0] }
[0] 17:56:55 [[36minfo[39m]: [36mBUSINESS: player_joined[39m
[0] {
[0]   "module": "game",
[0]   "userId": "-3c8HVGocUYB77FBAAAG",
[0]   "businessEvent": "player_joined",
[0]   "businessData": {
[0]     "gameId": "game-1",
[0]     "playerCount": 2
[0]   },
[0]   "type": "business"
[0] }
[0] 17:57:00 [[36minfo[39m]: Realtime metrics recorded
[0] 17:57:11 [[36minfo[39m]: [36mSOCKET: client_disconnected[39m
[0] {
[0]   "socketEvent": "client_disconnected",
[0]   "socketData": {
[0]     "socketId": "-3c8HVGocUYB77FBAAAG",
[0]     "reason": "client namespace disconnect"
[0]   },
[0]   "type": "socket"
[0] }
[0] 17:57:30 [[36minfo[39m]: Realtime metrics recorded
[0] 17:58:00 [[36minfo[39m]: Realtime metrics recorded
[0] 17:58:30 [[36minfo[39m]: Realtime metrics recorded
[0] 17:58:54 [[33mwarn[39m]: [33mHTTP POST /logout 401 5ms[39m
[0] {
[0]   "userAgent": "Mozilla/5.0 (Macintosh; Intel Mac OS X 10_15_7) AppleWebKit/537.36 (KHTML, like Gecko) Chrome/138.0.0.0 Safari/537.36",
[0]   "ip": "::1",
[0]   "httpRequest": {
[0]     "method": "POST",
[0]     "url": "/logout",
[0]     "statusCode": 401,
[0]     "responseTime": 5
[0]   },
[0]   "type": "http"
[0] }
[0] 17:58:54 [[33mwarn[39m]: [33mHTTP POST /logout 401 1ms[39m
[0] {
[0]   "userAgent": "Mozilla/5.0 (Macintosh; Intel Mac OS X 10_15_7) AppleWebKit/537.36 (KHTML, like Gecko) Chrome/138.0.0.0 Safari/537.36",
[0]   "ip": "::1",
[0]   "httpRequest": {
[0]     "method": "POST",
[0]     "url": "/logout",
[0]     "statusCode": 401,
[0]     "responseTime": 1
[0]   },
[0]   "type": "http"
[0] }
[0] 17:59:00 [[36minfo[39m]: Realtime metrics recorded
[0] 17:59:30 [[36minfo[39m]: Realtime metrics recorded
[0] 18:00:00 [[36minfo[39m]: Realtime metrics recorded
[0] 18:00:30 [[36minfo[39m]: Realtime metrics recorded
[0] prisma:query SELECT 1
[0] prisma:query SELECT `main`.`users`.`id`, `main`.`users`.`email`, `main`.`users`.`username`, `main`.`users`.`password`, `main`.`users`.`role`, `main`.`users`.`balance`, `main`.`users`.`createdAt`, `main`.`users`.`updatedAt` FROM `main`.`users` WHERE (`main`.`users`.`email` = ? OR `main`.`users`.`username` = ?) LIMIT ? OFFSET ?
[0] prisma:query SELECT `main`.`users`.`id`, `main`.`users`.`email`, `main`.`users`.`username`, `main`.`users`.`password`, `main`.`users`.`role`, `main`.`users`.`balance`, `main`.`users`.`createdAt`, `main`.`users`.`updatedAt` FROM `main`.`users` WHERE (`main`.`users`.`id` = ? AND 1=1) LIMIT ? OFFSET ?
[0] 18:00:40 [[36minfo[39m]: Tokens generados para usuario: usuario@bingo.com
[0] 18:00:40 [[35maudit[39m]: [35mAUDIT: login_attempt on user_session[39m
[0] {
[0]   "module": "auth",
[0]   "ip": "::1",
[0]   "userAgent": "Mozilla/5.0 (Macintosh; Intel Mac OS X 10_15_7) AppleWebKit/537.36 (KHTML, like Gecko) Chrome/138.0.0.0 Safari/537.36",
[0]   "auditEvent": {
[0]     "action": "login_attempt",
[0]     "resource": "user_session",
[0]     "userId": "usuario@bingo.com",
[0]     "success": true,
[0]     "reason": "valid_credentials"
[0]   }
[0] }
[0] 18:00:40 [[36minfo[39m]: [36mHTTP POST /login 200 331ms[39m
[0] {
[0]   "userAgent": "Mozilla/5.0 (Macintosh; Intel Mac OS X 10_15_7) AppleWebKit/537.36 (KHTML, like Gecko) Chrome/138.0.0.0 Safari/537.36",
[0]   "ip": "::1",
[0]   "httpRequest": {
[0]     "method": "POST",
[0]     "url": "/login",
[0]     "statusCode": 200,
[0]     "responseTime": 331
[0]   },
[0]   "type": "http"
[0] }
[0] 18:01:00 [[36minfo[39m]: Realtime metrics recorded
[0] 18:01:30 [[36minfo[39m]: Realtime metrics recorded
[0] 18:01:40 [[36minfo[39m]: [36mUsing mock data for getAllGames[39m
[0] {
[0]   "module": "game"
[0] }
[0] 18:01:40 [[36minfo[39m]: [36mHTTP GET / 200 203ms[39m
[0] {
[0]   "userAgent": "Mozilla/5.0 (Macintosh; Intel Mac OS X 10_15_7) AppleWebKit/537.36 (KHTML, like Gecko) Chrome/138.0.0.0 Safari/537.36",
[0]   "ip": "::1",
[0]   "httpRequest": {
[0]     "method": "GET",
[0]     "url": "/",
[0]     "statusCode": 200,
[0]     "responseTime": 203
[0]   },
[0]   "type": "http"
[0] }
[0] 18:01:50 [[36minfo[39m]: [36mSOCKET: client_connected[39m
[0] {
[0]   "socketEvent": "client_connected",
[0]   "socketData": {
[0]     "socketId": "RxDvbxmGExf9Y0ixAAAI"
[0]   },
[0]   "type": "socket"
[0] }
[0] 18:01:50 [[36minfo[39m]: [36mBUSINESS: player_joined[39m
[0] {
[0]   "module": "game",
[0]   "userId": "RxDvbxmGExf9Y0ixAAAI",
[0]   "businessEvent": "player_joined",
[0]   "businessData": {
[0]     "gameId": "game-1",
[0]     "playerCount": 2
[0]   },
[0]   "type": "business"
[0] }
[0] 18:02:00 [[36minfo[39m]: Realtime metrics recorded
[0] 18:02:30 [[36minfo[39m]: Realtime metrics recorded
[0] 18:02:53 [[36minfo[39m]: [36mSOCKET: client_disconnected[39m
[0] {
[0]   "socketEvent": "client_disconnected",
[0]   "socketData": {
[0]     "socketId": "RxDvbxmGExf9Y0ixAAAI",
[0]     "reason": "transport close"
[0]   },
[0]   "type": "socket"
[0] }
[0] 18:02:55 [[33mwarn[39m]: [33mHTTP POST /logout 401 2ms[39m
[0] {
[0]   "userAgent": "Mozilla/5.0 (Macintosh; Intel Mac OS X 10_15_7) AppleWebKit/537.36 (KHTML, like Gecko) Chrome/138.0.0.0 Safari/537.36",
[0]   "ip": "::1",
[0]   "httpRequest": {
[0]     "method": "POST",
[0]     "url": "/logout",
[0]     "statusCode": 401,
[0]     "responseTime": 2
[0]   },
[0]   "type": "http"
[0] }
[0] 18:02:55 [[33mwarn[39m]: [33mHTTP POST /logout 401 1ms[39m
[0] {
[0]   "userAgent": "Mozilla/5.0 (Macintosh; Intel Mac OS X 10_15_7) AppleWebKit/537.36 (KHTML, like Gecko) Chrome/138.0.0.0 Safari/537.36",
[0]   "ip": "::1",
[0]   "httpRequest": {
[0]     "method": "POST",
[0]     "url": "/logout",
[0]     "statusCode": 401,
[0]     "responseTime": 1
[0]   },
[0]   "type": "http"
[0] }
[0] 18:03:00 [[36minfo[39m]: Realtime metrics recorded
[0] 18:03:30 [[36minfo[39m]: Realtime metrics recorded
[0] prisma:query SELECT 1
[0] prisma:query SELECT `main`.`users`.`id`, `main`.`users`.`email`, `main`.`users`.`username`, `main`.`users`.`password`, `main`.`users`.`role`, `main`.`users`.`balance`, `main`.`users`.`createdAt`, `main`.`users`.`updatedAt` FROM `main`.`users` WHERE (`main`.`users`.`email` = ? OR `main`.`users`.`username` = ?) LIMIT ? OFFSET ?
[0] prisma:query SELECT `main`.`users`.`id`, `main`.`users`.`email`, `main`.`users`.`username`, `main`.`users`.`password`, `main`.`users`.`role`, `main`.`users`.`balance`, `main`.`users`.`createdAt`, `main`.`users`.`updatedAt` FROM `main`.`users` WHERE (`main`.`users`.`id` = ? AND 1=1) LIMIT ? OFFSET ?
[0] 18:03:44 [[36minfo[39m]: Tokens generados para usuario: usuario@bingo.com
[0] 18:03:44 [[35maudit[39m]: [35mAUDIT: login_attempt on user_session[39m
[0] {
[0]   "module": "auth",
[0]   "ip": "::1",
[0]   "userAgent": "Mozilla/5.0 (Macintosh; Intel Mac OS X 10_15_7) AppleWebKit/537.36 (KHTML, like Gecko) Chrome/138.0.0.0 Safari/537.36",
[0]   "auditEvent": {
[0]     "action": "login_attempt",
[0]     "resource": "user_session",
[0]     "userId": "usuario@bingo.com",
[0]     "success": true,
[0]     "reason": "valid_credentials"
[0]   }
[0] }
[0] 18:03:44 [[36minfo[39m]: [36mHTTP POST /login 200 313ms[39m
[0] {
[0]   "userAgent": "Mozilla/5.0 (Macintosh; Intel Mac OS X 10_15_7) AppleWebKit/537.36 (KHTML, like Gecko) Chrome/138.0.0.0 Safari/537.36",
[0]   "ip": "::1",
[0]   "httpRequest": {
[0]     "method": "POST",
[0]     "url": "/login",
[0]     "statusCode": 200,
[0]     "responseTime": 313
[0]   },
[0]   "type": "http"
[0] }
[0] 18:04:00 [[36minfo[39m]: Realtime metrics recorded
[0] 18:04:30 [[36minfo[39m]: Realtime metrics recorded
[0] 18:04:55 [[36minfo[39m]: [36mUsing mock data for getAllGames[39m
[0] {
[0]   "module": "game"
[0] }
[0] 18:04:55 [[36minfo[39m]: [36mHTTP GET / 200 200ms[39m
[0] {
[0]   "userAgent": "Mozilla/5.0 (Macintosh; Intel Mac OS X 10_15_7) AppleWebKit/537.36 (KHTML, like Gecko) Chrome/138.0.0.0 Safari/537.36",
[0]   "ip": "::1",
[0]   "httpRequest": {
[0]     "method": "GET",
[0]     "url": "/",
[0]     "statusCode": 200,
[0]     "responseTime": 200
[0]   },
[0]   "type": "http"
[0] }
[0] 18:05:00 [[36minfo[39m]: Realtime metrics recorded
[0] 18:05:04 [[36minfo[39m]: [36mSOCKET: client_connected[39m
[0] {
[0]   "socketEvent": "client_connected",
[0]   "socketData": {
[0]     "socketId": "WqUFTjXTEWjSGz8bAAAK"
[0]   },
[0]   "type": "socket"
[0] }
[0] 18:05:04 [[36minfo[39m]: [36mBUSINESS: player_joined[39m
[0] {
[0]   "module": "game",
[0]   "userId": "WqUFTjXTEWjSGz8bAAAK",
[0]   "businessEvent": "player_joined",
[0]   "businessData": {
[0]     "gameId": "game-1",
[0]     "playerCount": 2
[0]   },
[0]   "type": "business"
[0] }
[0] 18:05:30 [[36minfo[39m]: Realtime metrics recorded
[0] 18:06:00 [[36minfo[39m]: Realtime metrics recorded
[0] 18:06:23 [[36minfo[39m]: [36mBUSINESS: admin_set_pattern[39m
[0] {
[0]   "gameId": "game-1",
[0]   "businessEvent": "admin_set_pattern",
[0]   "businessData": {
[0]     "pattern": "full"
[0]   },
[0]   "type": "business"
[0] }
[0] 18:06:30 [[36minfo[39m]: Realtime metrics recorded
[0] 18:06:55 [[36minfo[39m]: [36mBUSINESS: admin_reset_game[39m
[0] {
[0]   "gameId": "game-1",
[0]   "businessEvent": "admin_reset_game",
[0]   "businessData": {},
[0]   "type": "business"
[0] }
[0] 18:07:00 [[36minfo[39m]: Realtime metrics recorded
[0] 18:07:09 [[36minfo[39m]: [36mBUSINESS: admin_set_pattern[39m
[0] {
[0]   "gameId": "game-1",
[0]   "businessEvent": "admin_set_pattern",
[0]   "businessData": {
[0]     "pattern": "diagonal"
[0]   },
[0]   "type": "business"
[0] }
[0] 18:07:21 [[36minfo[39m]: [36mBUSINESS: admin_called_number[39m
[0] {
[0]   "gameId": "game-1",
[0]   "businessEvent": "admin_called_number",
[0]   "businessData": {
[0]     "number": 63
[0]   },
[0]   "type": "business"
[0] }
[0] 18:07:30 [[36minfo[39m]: Realtime metrics recorded
[0] 18:07:42 [[36minfo[39m]: [36mBUSINESS: admin_called_number[39m
[0] {
[0]   "gameId": "game-1",
[0]   "businessEvent": "admin_called_number",
[0]   "businessData": {
[0]     "number": 7
[0]   },
[0]   "type": "business"
[0] }
[0] 18:08:00 [[36minfo[39m]: Realtime metrics recorded
[0] 18:08:30 [[36minfo[39m]: Realtime metrics recorded
[0] 18:09:00 [[36minfo[39m]: Realtime metrics recorded
[0] 18:09:30 [[36minfo[39m]: Realtime metrics recorded
[0] 18:10:00 [[36minfo[39m]: Realtime metrics recorded
[0] 18:10:30 [[36minfo[39m]: Realtime metrics recorded
[0] 18:11:00 [[36minfo[39m]: Realtime metrics recorded
[0] 18:11:30 [[36minfo[39m]: Realtime metrics recorded
[0] 18:12:00 [[36minfo[39m]: Realtime metrics recorded
[0] 18:12:30 [[36minfo[39m]: Realtime metrics recorded
[0] 18:12:52 [[36minfo[39m]: [36mSOCKET: client_disconnected[39m
[0] {
[0]   "socketEvent": "client_disconnected",
[0]   "socketData": {
[0]     "socketId": "jcUK-6lr6J3UYKn6AAAE",
[0]     "reason": "transport close"
[0]   },
[0]   "type": "socket"
[0] }
[0] 18:12:54 [[36minfo[39m]: [36mSOCKET: client_disconnected[39m
[0] {
[0]   "socketEvent": "client_disconnected",
[0]   "socketData": {
[0]     "socketId": "WqUFTjXTEWjSGz8bAAAK",
[0]     "reason": "transport close"
[0]   },
[0]   "type": "socket"
[0] }
[0] 18:13:00 [[36minfo[39m]: Realtime metrics recorded
[0] 18:13:30 [[36minfo[39m]: Realtime metrics recorded
[0] 18:29:26 [[36minfo[39m]: Realtime metrics recorded
[0] 18:45:20 [[36minfo[39m]: Realtime metrics recorded
[0] 18:45:50 [[36minfo[39m]: Realtime metrics recorded
[0] 18:58:34 [[36minfo[39m]: Realtime metrics recorded
[0] 18:59:04 [[36minfo[39m]: Realtime metrics recorded
[0] 19:16:51 [[36minfo[39m]: Realtime metrics recorded
[0] 19:32:46 [[36minfo[39m]: Realtime metrics recorded
[0] 19:33:16 [[36minfo[39m]: Realtime metrics recorded
[0] 19:49:11 [[36minfo[39m]: Realtime metrics recorded
[0] 19:49:41 [[36minfo[39m]: Realtime metrics recorded
[0] 20:05:35 [[36minfo[39m]: Realtime metrics recorded
[0] 20:14:23 [[36minfo[39m]: Realtime metrics recorded
[0] 20:14:53 [[36minfo[39m]: Realtime metrics recorded
[0] 20:30:48 [[36minfo[39m]: Realtime metrics recorded
[0] 20:46:43 [[36minfo[39m]: Realtime metrics recorded
[0] 20:47:13 [[36minfo[39m]: Realtime metrics recorded
[0] 21:03:07 [[36minfo[39m]: Realtime metrics recorded
[0] 21:15:18 [[36minfo[39m]: Realtime metrics recorded
[0] 21:15:48 [[36minfo[39m]: Realtime metrics recorded
[0] 21:31:41 [[36minfo[39m]: Realtime metrics recorded
[0] 21:47:36 [[36minfo[39m]: Realtime metrics recorded
[0] 21:48:06 [[36minfo[39m]: Realtime metrics recorded
[0] 22:04:01 [[36minfo[39m]: Realtime metrics recorded
[0] 22:04:31 [[36minfo[39m]: Realtime metrics recorded
[0] 22:16:42 [[36minfo[39m]: Realtime metrics recorded
[0] 22:32:37 [[36minfo[39m]: Realtime metrics recorded
[0] 22:33:07 [[36minfo[39m]: Realtime metrics recorded
[0] 22:49:01 [[36minfo[39m]: Realtime metrics recorded
[0] 23:04:56 [[36minfo[39m]: Realtime metrics recorded
[0] 23:05:26 [[36minfo[39m]: Realtime metrics recorded
[0] 23:17:33 [[36minfo[39m]: Realtime metrics recorded
[0] 23:33:29 [[36minfo[39m]: Realtime metrics recorded
[0] 23:33:59 [[36minfo[39m]: Realtime metrics recorded
[0] 23:49:53 [[36minfo[39m]: Realtime metrics recorded
[0] 00:05:49 [[36minfo[39m]: Realtime metrics recorded
[0] 00:06:19 [[36minfo[39m]: Realtime metrics recorded
[0] 00:18:29 [[36minfo[39m]: Realtime metrics recorded
[0] 00:18:59 [[36minfo[39m]: Realtime metrics recorded
[0] 00:34:54 [[36minfo[39m]: Realtime metrics recorded
[0] 00:50:48 [[36minfo[39m]: Realtime metrics recorded
[0] 00:51:18 [[36minfo[39m]: Realtime metrics recorded
[0] 01:07:13 [[36minfo[39m]: Realtime metrics recorded
[0] 01:19:21 [[36minfo[39m]: Realtime metrics recorded
[0] 01:19:51 [[36minfo[39m]: Realtime metrics recorded
[0] 01:35:45 [[36minfo[39m]: Realtime metrics recorded
[0] 01:51:40 [[36minfo[39m]: Realtime metrics recorded
[0] 01:52:10 [[36minfo[39m]: Realtime metrics recorded
[0] 02:08:05 [[36minfo[39m]: Realtime metrics recorded
[0] 02:08:35 [[36minfo[39m]: Realtime metrics recorded
[0] 02:24:29 [[36minfo[39m]: Realtime metrics recorded
[0] 02:40:26 [[36minfo[39m]: Realtime metrics recorded
[0] 02:40:56 [[36minfo[39m]: Realtime metrics recorded
[0] 02:56:50 [[36minfo[39m]: Realtime metrics recorded
[0] 02:57:20 [[36minfo[39m]: Realtime metrics recorded
[0] 03:13:16 [[36minfo[39m]: Realtime metrics recorded
[0] 03:29:35 [[36minfo[39m]: Realtime metrics recorded
[0] 03:30:05 [[36minfo[39m]: Realtime metrics recorded
[0] 03:45:59 [[36minfo[39m]: Realtime metrics recorded
[0] 03:46:29 [[36minfo[39m]: Realtime metrics recorded
[0] 04:02:25 [[36minfo[39m]: Realtime metrics recorded
[0] 04:18:20 [[36minfo[39m]: Realtime metrics recorded
[0] 04:18:50 [[36minfo[39m]: Realtime metrics recorded
[0] 04:34:44 [[36minfo[39m]: Realtime metrics recorded
[0] 04:50:39 [[36minfo[39m]: Realtime metrics recorded
[0] 04:51:09 [[36minfo[39m]: Realtime metrics recorded
[0] 05:07:03 [[36minfo[39m]: Realtime metrics recorded
[0] 05:22:57 [[36minfo[39m]: Realtime metrics recorded
[0] 05:23:27 [[36minfo[39m]: Realtime metrics recorded
[0] 05:39:22 [[36minfo[39m]: Realtime metrics recorded
[0] 05:39:52 [[36minfo[39m]: Realtime metrics recorded
[0] 05:55:47 [[36minfo[39m]: Realtime metrics recorded
[0] 06:01:11 [[36minfo[39m]: Realtime metrics recorded
[0] 06:01:41 [[36minfo[39m]: Realtime metrics recorded
[0] 06:15:18 [[36minfo[39m]: Realtime metrics recorded
[0] 07:18:25 [[36minfo[39m]: Realtime metrics recorded
[0] 07:18:55 [[36minfo[39m]: Realtime metrics recorded
[0] 07:19:25 [[36minfo[39m]: Realtime metrics recorded
[0] 07:19:55 [[36minfo[39m]: Realtime metrics recorded
[0] 07:20:25 [[36minfo[39m]: Realtime metrics recorded
[0] 07:20:55 [[36minfo[39m]: Realtime metrics recorded
[0] 07:21:25 [[36minfo[39m]: Realtime metrics recorded
[0] 07:21:55 [[36minfo[39m]: Realtime metrics recorded
[0] 07:22:25 [[36minfo[39m]: Realtime metrics recorded
[0] 07:22:55 [[36minfo[39m]: Realtime metrics recorded
[0] 07:23:25 [[36minfo[39m]: Realtime metrics recorded
[0] 07:23:55 [[36minfo[39m]: Realtime metrics recorded
[0] 07:24:25 [[36minfo[39m]: Realtime metrics recorded
[0] 07:24:55 [[36minfo[39m]: Realtime metrics recorded
[0] 07:25:25 [[36minfo[39m]: Realtime metrics recorded
[0] 07:25:55 [[36minfo[39m]: Realtime metrics recorded
[0] 07:26:25 [[36minfo[39m]: Realtime metrics recorded
[0] 07:26:55 [[36minfo[39m]: Realtime metrics recorded
[0] 07:27:25 [[36minfo[39m]: Realtime metrics recorded
[0] 07:27:55 [[36minfo[39m]: Realtime metrics recorded
[0] 07:28:25 [[36minfo[39m]: Realtime metrics recorded
[0] 07:28:55 [[36minfo[39m]: Realtime metrics recorded
[0] 07:29:25 [[36minfo[39m]: Realtime metrics recorded
[0] 07:29:55 [[36minfo[39m]: Realtime metrics recorded
[0] 07:30:25 [[36minfo[39m]: Realtime metrics recorded
[0] 07:30:55 [[36minfo[39m]: Realtime metrics recorded
[0] 07:31:25 [[36minfo[39m]: Realtime metrics recorded
[0] 07:31:55 [[36minfo[39m]: Realtime metrics recorded
[0] 07:32:25 [[36minfo[39m]: Realtime metrics recorded
[0] 07:32:55 [[36minfo[39m]: Realtime metrics recorded
[0] 07:33:25 [[36minfo[39m]: Realtime metrics recorded
[0] 07:33:55 [[36minfo[39m]: Realtime metrics recorded
[0] 07:34:25 [[36minfo[39m]: Realtime metrics recorded
[0] 07:34:55 [[36minfo[39m]: Realtime metrics recorded
[0] 07:35:25 [[36minfo[39m]: Realtime metrics recorded
[0] 07:35:55 [[36minfo[39m]: Realtime metrics recorded
[0] 07:36:25 [[36minfo[39m]: Realtime metrics recorded
[0] 07:36:55 [[36minfo[39m]: Realtime metrics recorded
[0] 07:37:25 [[36minfo[39m]: Realtime metrics recorded
[0] 07:37:55 [[36minfo[39m]: Realtime metrics recorded
[0] 07:38:25 [[36minfo[39m]: Realtime metrics recorded
[0] 07:38:55 [[36minfo[39m]: Realtime metrics recorded
[0] 07:39:25 [[36minfo[39m]: Realtime metrics recorded
[0] 07:39:55 [[36minfo[39m]: Realtime metrics recorded
[0] 07:40:25 [[36minfo[39m]: Realtime metrics recorded
[0] 07:40:55 [[36minfo[39m]: Realtime metrics recorded
[0] 07:41:25 [[36minfo[39m]: Realtime metrics recorded
[0] 07:41:55 [[36minfo[39m]: Realtime metrics recorded
[0] 07:42:25 [[36minfo[39m]: Realtime metrics recorded
[0] 07:42:55 [[36minfo[39m]: Realtime metrics recorded
[0] 07:43:25 [[36minfo[39m]: Realtime metrics recorded
[0] 07:43:55 [[36minfo[39m]: Realtime metrics recorded
[0] 07:44:25 [[36minfo[39m]: Realtime metrics recorded
[0] 07:44:55 [[36minfo[39m]: Realtime metrics recorded
[0] 07:45:25 [[36minfo[39m]: Realtime metrics recorded
[0] 07:45:55 [[36minfo[39m]: Realtime metrics recorded
[0] 07:46:25 [[36minfo[39m]: Realtime metrics recorded
[0] 07:46:55 [[36minfo[39m]: Realtime metrics recorded
[0] 07:47:25 [[36minfo[39m]: Realtime metrics recorded
[0] 07:47:55 [[36minfo[39m]: Realtime metrics recorded
[0] 07:48:25 [[36minfo[39m]: Realtime metrics recorded
[0] 07:48:55 [[36minfo[39m]: Realtime metrics recorded
[0] 07:49:25 [[36minfo[39m]: Realtime metrics recorded
[0] 07:49:55 [[36minfo[39m]: Realtime metrics recorded
[0] 07:50:25 [[36minfo[39m]: Realtime metrics recorded
[0] 07:50:55 [[36minfo[39m]: Realtime metrics recorded
[0] 07:51:25 [[36minfo[39m]: Realtime metrics recorded
[0] 07:51:55 [[36minfo[39m]: Realtime metrics recorded
[0] 07:52:25 [[36minfo[39m]: Realtime metrics recorded
[0] 07:52:55 [[36minfo[39m]: Realtime metrics recorded
[0] 07:53:25 [[36minfo[39m]: Realtime metrics recorded
[0] 07:53:55 [[36minfo[39m]: Realtime metrics recorded
[0] 07:54:25 [[36minfo[39m]: Realtime metrics recorded
[0] 07:54:55 [[36minfo[39m]: Realtime metrics recorded
[0] 07:55:25 [[36minfo[39m]: Realtime metrics recorded
[0] 07:55:55 [[36minfo[39m]: Realtime metrics recorded
[0] 07:56:25 [[36minfo[39m]: Realtime metrics recorded
[0] 07:56:55 [[36minfo[39m]: Realtime metrics recorded
[0] 07:57:25 [[36minfo[39m]: Realtime metrics recorded
[0] 07:57:55 [[36minfo[39m]: Realtime metrics recorded
[0] 07:58:25 [[36minfo[39m]: Realtime metrics recorded
[0] 07:58:55 [[36minfo[39m]: Realtime metrics recorded
[0] 07:59:25 [[36minfo[39m]: Realtime metrics recorded
[0] 07:59:55 [[36minfo[39m]: Realtime metrics recorded
[0] 08:00:25 [[36minfo[39m]: Realtime metrics recorded
[0] 08:00:55 [[36minfo[39m]: Realtime metrics recorded
[0] 08:01:25 [[36minfo[39m]: Realtime metrics recorded
[0] 08:01:55 [[36minfo[39m]: Realtime metrics recorded
[0] 08:02:25 [[36minfo[39m]: Realtime metrics recorded
[0] 08:02:55 [[36minfo[39m]: Realtime metrics recorded
[0] 08:03:25 [[36minfo[39m]: Realtime metrics recorded
[0] 08:03:55 [[36minfo[39m]: Realtime metrics recorded
[0] 08:04:25 [[36minfo[39m]: Realtime metrics recorded
[0] 08:04:55 [[36minfo[39m]: Realtime metrics recorded
[0] 08:05:25 [[36minfo[39m]: Realtime metrics recorded
[0] 08:05:55 [[36minfo[39m]: Realtime metrics recorded
[0] 08:06:25 [[36minfo[39m]: Realtime metrics recorded
[0] 08:06:55 [[36minfo[39m]: Realtime metrics recorded
[0] 08:07:25 [[36minfo[39m]: Realtime metrics recorded
[0] 08:07:55 [[36minfo[39m]: Realtime metrics recorded
[0] 08:08:25 [[36minfo[39m]: Realtime metrics recorded
[0] 08:08:55 [[36minfo[39m]: Realtime metrics recorded
[0] 08:09:25 [[36minfo[39m]: Realtime metrics recorded
[0] 08:09:55 [[36minfo[39m]: Realtime metrics recorded
[0] 08:10:25 [[36minfo[39m]: Realtime metrics recorded
[0] 08:10:55 [[36minfo[39m]: Realtime metrics recorded
[0] 08:11:25 [[36minfo[39m]: Realtime metrics recorded
[0] 08:11:55 [[36minfo[39m]: Realtime metrics recorded
[0] 08:12:25 [[36minfo[39m]: Realtime metrics recorded
[0] 08:12:55 [[36minfo[39m]: Realtime metrics recorded
[0] 08:13:25 [[36minfo[39m]: Realtime metrics recorded
[0] 08:13:55 [[36minfo[39m]: Realtime metrics recorded
[0] 08:14:25 [[36minfo[39m]: Realtime metrics recorded
[0] 08:14:55 [[36minfo[39m]: Realtime metrics recorded
[0] 08:15:25 [[36minfo[39m]: Realtime metrics recorded
[0] 08:15:55 [[36minfo[39m]: Realtime metrics recorded
[0] 08:16:25 [[36minfo[39m]: Realtime metrics recorded
[0] 08:16:55 [[36minfo[39m]: Realtime metrics recorded
[0] 08:17:25 [[36minfo[39m]: Realtime metrics recorded
[0] 08:17:55 [[36minfo[39m]: Realtime metrics recorded
[0] 08:18:25 [[36minfo[39m]: Realtime metrics recorded
[0] 08:18:55 [[36minfo[39m]: Realtime metrics recorded
[0] 08:19:25 [[36minfo[39m]: Realtime metrics recorded
[0] 08:19:55 [[36minfo[39m]: Realtime metrics recorded
[0] 08:20:25 [[36minfo[39m]: Realtime metrics recorded
[0] 08:20:55 [[36minfo[39m]: Realtime metrics recorded
[0] 08:21:25 [[36minfo[39m]: Realtime metrics recorded
[0] 08:21:55 [[36minfo[39m]: Realtime metrics recorded
[0] 08:22:25 [[36minfo[39m]: Realtime metrics recorded
[0] 08:22:55 [[36minfo[39m]: Realtime metrics recorded
[0] 08:23:25 [[36minfo[39m]: Realtime metrics recorded
[0] 08:23:55 [[36minfo[39m]: Realtime metrics recorded
[0] 08:24:25 [[36minfo[39m]: Realtime metrics recorded
[0] 08:24:55 [[36minfo[39m]: Realtime metrics recorded
[0] 08:25:25 [[36minfo[39m]: Realtime metrics recorded
[0] 08:25:55 [[36minfo[39m]: Realtime metrics recorded
[0] 08:26:25 [[36minfo[39m]: Realtime metrics recorded
[0] 08:26:55 [[36minfo[39m]: Realtime metrics recorded
[0] 08:27:25 [[36minfo[39m]: Realtime metrics recorded
[0] 08:27:55 [[36minfo[39m]: Realtime metrics recorded
[0] 08:28:25 [[36minfo[39m]: Realtime metrics recorded
[0] 08:28:55 [[36minfo[39m]: Realtime metrics recorded
[0] 08:29:25 [[36minfo[39m]: Realtime metrics recorded
[0] 08:29:55 [[36minfo[39m]: Realtime metrics recorded
[0] 08:30:25 [[36minfo[39m]: Realtime metrics recorded
[0] 08:30:55 [[36minfo[39m]: Realtime metrics recorded
[0] 08:31:25 [[36minfo[39m]: Realtime metrics recorded
[0] 08:31:55 [[36minfo[39m]: Realtime metrics recorded
[0] 08:32:25 [[36minfo[39m]: Realtime metrics recorded
[0] 08:32:55 [[36minfo[39m]: Realtime metrics recorded
[0] 08:33:25 [[36minfo[39m]: Realtime metrics recorded
[0] 08:33:55 [[36minfo[39m]: Realtime metrics recorded
[0] 08:34:25 [[36minfo[39m]: Realtime metrics recorded
[0] 08:34:55 [[36minfo[39m]: Realtime metrics recorded
[0] 08:35:25 [[36minfo[39m]: Realtime metrics recorded
[0] 08:35:55 [[36minfo[39m]: Realtime metrics recorded
[0] 08:36:25 [[36minfo[39m]: Realtime metrics recorded
[0] 08:36:55 [[36minfo[39m]: Realtime metrics recorded
[0] 08:37:25 [[36minfo[39m]: Realtime metrics recorded
[0] 08:37:55 [[36minfo[39m]: Realtime metrics recorded
[0] 08:38:25 [[36minfo[39m]: Realtime metrics recorded
[0] 08:38:55 [[36minfo[39m]: Realtime metrics recorded
[0] 08:39:25 [[36minfo[39m]: Realtime metrics recorded
[0] 08:39:55 [[36minfo[39m]: Realtime metrics recorded
[0] 08:40:25 [[36minfo[39m]: Realtime metrics recorded
[0] 08:40:55 [[36minfo[39m]: Realtime metrics recorded
[0] 08:41:25 [[36minfo[39m]: Realtime metrics recorded
[0] 08:41:55 [[36minfo[39m]: Realtime metrics recorded
[0] 08:42:25 [[36minfo[39m]: Realtime metrics recorded
[0] 08:42:55 [[36minfo[39m]: Realtime metrics recorded
[0] 08:45:56 [[36minfo[39m]: Realtime metrics recorded
[0] 08:46:26 [[36minfo[39m]: Realtime metrics recorded
[0] 08:46:56 [[36minfo[39m]: Realtime metrics recorded
[0] 08:47:26 [[36minfo[39m]: Realtime metrics recorded
[0] 08:47:56 [[36minfo[39m]: Realtime metrics recorded
[0] 08:48:26 [[36minfo[39m]: Realtime metrics recorded
[0] 08:48:56 [[36minfo[39m]: Realtime metrics recorded
[0] 08:49:26 [[36minfo[39m]: Realtime metrics recorded
[0] 08:49:56 [[36minfo[39m]: Realtime metrics recorded
[0] 08:50:26 [[36minfo[39m]: Realtime metrics recorded
[0] 08:50:56 [[36minfo[39m]: Realtime metrics recorded
[0] 08:51:26 [[36minfo[39m]: Realtime metrics recorded
[0] 08:51:56 [[36minfo[39m]: Realtime metrics recorded
[0] 08:52:26 [[36minfo[39m]: Realtime metrics recorded
[0] 08:52:56 [[36minfo[39m]: Realtime metrics recorded
[0] 08:53:26 [[36minfo[39m]: Realtime metrics recorded
[0] 08:53:56 [[36minfo[39m]: Realtime metrics recorded
[0] 08:54:26 [[36minfo[39m]: Realtime metrics recorded
[0] 08:54:56 [[36minfo[39m]: Realtime metrics recorded
[0] 08:55:26 [[36minfo[39m]: Realtime metrics recorded
[0] 08:55:56 [[36minfo[39m]: Realtime metrics recorded
[0] 08:56:26 [[36minfo[39m]: Realtime metrics recorded
[0] 08:56:56 [[36minfo[39m]: Realtime metrics recorded
[0] 08:57:26 [[36minfo[39m]: Realtime metrics recorded
[0] 08:57:56 [[36minfo[39m]: Realtime metrics recorded
[0] 08:58:26 [[36minfo[39m]: Realtime metrics recorded
[0] 08:58:56 [[36minfo[39m]: Realtime metrics recorded
[0] 08:59:26 [[36minfo[39m]: Realtime metrics recorded
[0] 08:59:56 [[36minfo[39m]: Realtime metrics recorded
[0] 09:00:26 [[36minfo[39m]: Realtime metrics recorded
[0] 09:00:56 [[36minfo[39m]: Realtime metrics recorded
[0] 09:01:26 [[36minfo[39m]: Realtime metrics recorded
[0] 09:01:56 [[36minfo[39m]: Realtime metrics recorded
[0] 09:02:26 [[36minfo[39m]: Realtime metrics recorded
[0] 09:02:56 [[36minfo[39m]: Realtime metrics recorded
[0] 09:03:26 [[36minfo[39m]: Realtime metrics recorded
[0] 09:03:56 [[36minfo[39m]: Realtime metrics recorded
[0] 09:04:26 [[36minfo[39m]: Realtime metrics recorded
[0] 09:04:56 [[36minfo[39m]: Realtime metrics recorded
[0] 09:05:26 [[36minfo[39m]: Realtime metrics recorded
[0] 09:05:56 [[36minfo[39m]: Realtime metrics recorded
[0] 09:06:26 [[36minfo[39m]: Realtime metrics recorded
[0] 09:06:56 [[36minfo[39m]: Realtime metrics recorded
[0] 09:07:26 [[36minfo[39m]: Realtime metrics recorded
[0] 09:07:56 [[36minfo[39m]: Realtime metrics recorded
[0] 09:08:26 [[36minfo[39m]: Realtime metrics recorded
[0] 09:08:56 [[36minfo[39m]: Realtime metrics recorded
[0] 09:09:26 [[36minfo[39m]: Realtime metrics recorded
[0] 09:09:56 [[36minfo[39m]: Realtime metrics recorded
[0] 09:10:26 [[36minfo[39m]: Realtime metrics recorded
[0] 09:10:56 [[36minfo[39m]: Realtime metrics recorded
[0] 09:11:26 [[36minfo[39m]: Realtime metrics recorded
[0] 09:11:56 [[36minfo[39m]: Realtime metrics recorded
[0] 09:12:26 [[36minfo[39m]: Realtime metrics recorded
[0] 09:12:56 [[36minfo[39m]: Realtime metrics recorded
[0] 09:13:26 [[36minfo[39m]: Realtime metrics recorded
[0] 09:13:56 [[36minfo[39m]: Realtime metrics recorded
[0] 09:14:26 [[36minfo[39m]: Realtime metrics recorded
[0] 09:14:56 [[36minfo[39m]: Realtime metrics recorded
[0] 09:15:26 [[36minfo[39m]: Realtime metrics recorded
[0] 09:15:56 [[36minfo[39m]: Realtime metrics recorded
[0] 09:16:26 [[36minfo[39m]: Realtime metrics recorded
[0] 09:16:56 [[36minfo[39m]: Realtime metrics recorded
[0] 09:17:26 [[36minfo[39m]: Realtime metrics recorded
[0] 09:17:56 [[36minfo[39m]: Realtime metrics recorded
[0] 09:18:26 [[36minfo[39m]: Realtime metrics recorded
[0] 09:18:56 [[36minfo[39m]: Realtime metrics recorded
[0] 09:19:26 [[36minfo[39m]: Realtime metrics recorded
[0] 09:19:56 [[36minfo[39m]: Realtime metrics recorded
[0] 09:20:26 [[36minfo[39m]: Realtime metrics recorded
[0] 09:20:56 [[36minfo[39m]: Realtime metrics recorded
[0] 09:21:26 [[36minfo[39m]: Realtime metrics recorded
[0] 09:21:56 [[36minfo[39m]: Realtime metrics recorded
[0] 09:22:26 [[36minfo[39m]: Realtime metrics recorded
[0] 09:22:56 [[36minfo[39m]: Realtime metrics recorded
[0] 09:23:26 [[36minfo[39m]: Realtime metrics recorded
[0] 09:23:56 [[36minfo[39m]: Realtime metrics recorded
[0] 09:24:26 [[36minfo[39m]: Realtime metrics recorded
[0] 09:24:56 [[36minfo[39m]: Realtime metrics recorded
[0] 09:25:26 [[36minfo[39m]: Realtime metrics recorded
[0] 09:25:56 [[36minfo[39m]: Realtime metrics recorded
[0] 09:26:26 [[36minfo[39m]: Realtime metrics recorded
[0] 09:26:56 [[36minfo[39m]: Realtime metrics recorded
[0] 09:27:26 [[36minfo[39m]: Realtime metrics recorded
[0] 09:27:56 [[36minfo[39m]: Realtime metrics recorded
[0] 09:28:26 [[36minfo[39m]: Realtime metrics recorded
[0] 09:28:56 [[36minfo[39m]: Realtime metrics recorded
[0] 09:29:26 [[36minfo[39m]: Realtime metrics recorded
[0] 09:29:56 [[36minfo[39m]: Realtime metrics recorded
[0] 09:30:26 [[36minfo[39m]: Realtime metrics recorded
[0] 09:30:56 [[36minfo[39m]: Realtime metrics recorded
[0] 09:31:26 [[36minfo[39m]: Realtime metrics recorded
[0] 09:31:56 [[36minfo[39m]: Realtime metrics recorded
[0] 09:32:26 [[36minfo[39m]: Realtime metrics recorded
[0] 09:32:56 [[36minfo[39m]: Realtime metrics recorded
[0] 09:33:26 [[36minfo[39m]: Realtime metrics recorded
[0] 09:33:56 [[36minfo[39m]: Realtime metrics recorded
[0] 09:34:26 [[36minfo[39m]: Realtime metrics recorded
[0] 09:34:56 [[36minfo[39m]: Realtime metrics recorded
[0] 09:35:26 [[36minfo[39m]: Realtime metrics recorded
[0] 09:35:56 [[36minfo[39m]: Realtime metrics recorded
[0] 09:36:26 [[36minfo[39m]: Realtime metrics recorded
[0] 09:36:56 [[36minfo[39m]: Realtime metrics recorded
[0] 09:37:26 [[36minfo[39m]: Realtime metrics recorded
[0] 09:37:56 [[36minfo[39m]: Realtime metrics recorded
[0] 09:38:26 [[36minfo[39m]: Realtime metrics recorded
[0] 09:38:56 [[36minfo[39m]: Realtime metrics recorded
[0] 09:39:26 [[36minfo[39m]: Realtime metrics recorded
[0] 09:39:56 [[36minfo[39m]: Realtime metrics recorded
[0] 09:40:26 [[36minfo[39m]: Realtime metrics recorded
[0] 09:40:56 [[36minfo[39m]: Realtime metrics recorded
[0] 09:41:26 [[36minfo[39m]: Realtime metrics recorded
[0] 09:41:56 [[36minfo[39m]: Realtime metrics recorded
[0] 09:42:26 [[36minfo[39m]: Realtime metrics recorded
[0] 09:42:56 [[36minfo[39m]: Realtime metrics recorded
[0] 09:43:26 [[36minfo[39m]: Realtime metrics recorded
[0] 09:43:56 [[36minfo[39m]: Realtime metrics recorded
[0] 09:44:26 [[36minfo[39m]: Realtime metrics recorded
[0] 09:44:56 [[36minfo[39m]: Realtime metrics recorded
[0] 09:45:26 [[36minfo[39m]: Realtime metrics recorded
[0] 09:45:56 [[36minfo[39m]: Realtime metrics recorded
[0] 09:46:26 [[36minfo[39m]: Realtime metrics recorded
[0] 09:46:56 [[36minfo[39m]: Realtime metrics recorded
[0] 09:47:26 [[36minfo[39m]: Realtime metrics recorded
[0] 09:47:56 [[36minfo[39m]: Realtime metrics recorded
[0] 09:48:26 [[36minfo[39m]: Realtime metrics recorded
[0] 09:48:56 [[36minfo[39m]: Realtime metrics recorded
[0] 09:49:26 [[36minfo[39m]: Realtime metrics recorded
[0] 09:49:56 [[36minfo[39m]: Realtime metrics recorded
[0] 09:50:26 [[36minfo[39m]: Realtime metrics recorded
[0] 09:50:56 [[36minfo[39m]: Realtime metrics recorded
[0] 09:51:26 [[36minfo[39m]: Realtime metrics recorded
[0] 09:51:56 [[36minfo[39m]: Realtime metrics recorded
[0] 09:52:26 [[36minfo[39m]: Realtime metrics recorded
[0] 09:52:56 [[36minfo[39m]: Realtime metrics recorded
[0] 09:53:26 [[36minfo[39m]: Realtime metrics recorded
[0] 09:53:56 [[36minfo[39m]: Realtime metrics recorded
[0] 09:54:26 [[36minfo[39m]: Realtime metrics recorded
[0] 09:54:56 [[36minfo[39m]: Realtime metrics recorded
[0] 09:55:26 [[36minfo[39m]: Realtime metrics recorded
[0] 09:55:56 [[36minfo[39m]: Realtime metrics recorded
[0] 09:56:26 [[36minfo[39m]: Realtime metrics recorded
[0] 09:56:56 [[36minfo[39m]: Realtime metrics recorded
[0] 09:57:26 [[36minfo[39m]: Realtime metrics recorded
[0] 09:57:56 [[36minfo[39m]: Realtime metrics recorded
[0] 09:58:26 [[36minfo[39m]: Realtime metrics recorded
[0] 09:58:56 [[36minfo[39m]: Realtime metrics recorded
[0] 09:59:26 [[36minfo[39m]: Realtime metrics recorded
[0] 09:59:56 [[36minfo[39m]: Realtime metrics recorded
[0] 10:00:26 [[36minfo[39m]: Realtime metrics recorded
[0] 10:00:56 [[36minfo[39m]: Realtime metrics recorded
[0] 10:01:26 [[36minfo[39m]: Realtime metrics recorded
[0] 10:01:56 [[36minfo[39m]: Realtime metrics recorded
[0] 10:02:26 [[36minfo[39m]: Realtime metrics recorded
[0] 10:02:56 [[36minfo[39m]: Realtime metrics recorded
[0] 10:03:26 [[36minfo[39m]: Realtime metrics recorded
[0] 10:03:56 [[36minfo[39m]: Realtime metrics recorded
[0] 10:04:26 [[36minfo[39m]: Realtime metrics recorded
[0] 10:04:56 [[36minfo[39m]: Realtime metrics recorded
[0] 10:05:26 [[36minfo[39m]: Realtime metrics recorded
[0] 10:05:56 [[36minfo[39m]: Realtime metrics recorded
[0] 10:06:26 [[36minfo[39m]: Realtime metrics recorded
[0] 10:06:56 [[36minfo[39m]: Realtime metrics recorded
[0] 10:07:26 [[36minfo[39m]: Realtime metrics recorded
[0] 10:07:56 [[36minfo[39m]: Realtime metrics recorded
[0] 10:08:26 [[36minfo[39m]: Realtime metrics recorded
[0] 10:08:56 [[36minfo[39m]: Realtime metrics recorded
[0] 10:09:26 [[36minfo[39m]: Realtime metrics recorded
[0] 10:09:56 [[36minfo[39m]: Realtime metrics recorded
[0] 10:10:26 [[36minfo[39m]: Realtime metrics recorded
[0] 10:10:56 [[36minfo[39m]: Realtime metrics recorded
[0] 10:11:26 [[36minfo[39m]: Realtime metrics recorded
[0] 10:11:56 [[36minfo[39m]: Realtime metrics recorded
[0] 10:12:26 [[36minfo[39m]: Realtime metrics recorded
[0] 10:12:56 [[36minfo[39m]: Realtime metrics recorded
[0] 10:13:26 [[36minfo[39m]: Realtime metrics recorded
[0] 10:13:56 [[36minfo[39m]: Realtime metrics recorded
[0] 10:14:26 [[36minfo[39m]: Realtime metrics recorded
[0] 10:14:56 [[36minfo[39m]: Realtime metrics recorded
[0] 10:15:26 [[36minfo[39m]: Realtime metrics recorded
[0] 10:15:56 [[36minfo[39m]: Realtime metrics recorded
[0] 10:16:26 [[36minfo[39m]: Realtime metrics recorded
[0] 10:16:56 [[36minfo[39m]: Realtime metrics recorded
[0] 10:17:26 [[36minfo[39m]: Realtime metrics recorded
[0] 10:17:56 [[36minfo[39m]: Realtime metrics recorded
[0] 10:18:26 [[36minfo[39m]: Realtime metrics recorded
[0] 10:18:56 [[36minfo[39m]: Realtime metrics recorded
[0] 10:19:26 [[36minfo[39m]: Realtime metrics recorded
[0] 10:19:56 [[36minfo[39m]: Realtime metrics recorded
[0] 10:20:26 [[36minfo[39m]: Realtime metrics recorded
[0] 10:20:56 [[36minfo[39m]: Realtime metrics recorded
[0] 10:21:26 [[36minfo[39m]: Realtime metrics recorded
[0] 10:21:56 [[36minfo[39m]: Realtime metrics recorded
[0] 10:22:26 [[36minfo[39m]: Realtime metrics recorded
[0] 10:22:56 [[36minfo[39m]: Realtime metrics recorded
[0] 10:23:26 [[36minfo[39m]: Realtime metrics recorded
[0] 10:23:56 [[36minfo[39m]: Realtime metrics recorded
[0] 10:24:26 [[36minfo[39m]: Realtime metrics recorded
[0] 10:24:56 [[36minfo[39m]: Realtime metrics recorded
[0] 10:25:26 [[36minfo[39m]: Realtime metrics recorded
[0] 10:25:56 [[36minfo[39m]: Realtime metrics recorded
[0] 10:26:26 [[36minfo[39m]: Realtime metrics recorded
[0] 10:26:56 [[36minfo[39m]: Realtime metrics recorded
[0] 10:27:26 [[36minfo[39m]: Realtime metrics recorded
[0] 10:27:56 [[36minfo[39m]: Realtime metrics recorded
[0] 10:28:26 [[36minfo[39m]: Realtime metrics recorded
[0] 10:28:56 [[36minfo[39m]: Realtime metrics recorded
[0] 10:29:26 [[36minfo[39m]: Realtime metrics recorded
[0] 10:29:56 [[36minfo[39m]: Realtime metrics recorded
[0] 10:30:26 [[36minfo[39m]: Realtime metrics recorded
[0] 10:30:56 [[36minfo[39m]: Realtime metrics recorded
[0] 10:31:26 [[36minfo[39m]: Realtime metrics recorded
[0] 10:31:56 [[36minfo[39m]: Realtime metrics recorded
[0] 10:32:26 [[36minfo[39m]: Realtime metrics recorded
[0] 10:32:56 [[36minfo[39m]: Realtime metrics recorded
[0] 10:33:26 [[36minfo[39m]: Realtime metrics recorded
[0] 10:33:56 [[36minfo[39m]: Realtime metrics recorded
[0] 10:34:26 [[36minfo[39m]: Realtime metrics recorded
[0] 10:34:56 [[36minfo[39m]: Realtime metrics recorded
[0] 10:35:26 [[36minfo[39m]: Realtime metrics recorded
[0] 10:35:56 [[36minfo[39m]: Realtime metrics recorded
[0] 10:36:26 [[36minfo[39m]: Realtime metrics recorded
[0] 10:36:56 [[36minfo[39m]: Realtime metrics recorded
[0] 10:37:26 [[36minfo[39m]: Realtime metrics recorded
[0] 10:37:56 [[36minfo[39m]: Realtime metrics recorded
[0] 10:38:26 [[36minfo[39m]: Realtime metrics recorded
[0] 10:38:56 [[36minfo[39m]: Realtime metrics recorded
[0] 10:39:26 [[36minfo[39m]: Realtime metrics recorded
[0] 10:39:56 [[36minfo[39m]: Realtime metrics recorded
[0] 10:40:26 [[36minfo[39m]: Realtime metrics recorded
[0] 10:40:56 [[36minfo[39m]: Realtime metrics recorded
[0] 10:41:26 [[36minfo[39m]: Realtime metrics recorded
[0] 10:41:56 [[36minfo[39m]: Realtime metrics recorded
[0] 10:42:26 [[36minfo[39m]: Realtime metrics recorded
[0] 10:42:56 [[36minfo[39m]: Realtime metrics recorded
[0] 10:43:26 [[36minfo[39m]: Realtime metrics recorded
[0] 10:43:56 [[36minfo[39m]: Realtime metrics recorded
[0] 10:44:26 [[36minfo[39m]: Realtime metrics recorded
[0] 10:44:56 [[36minfo[39m]: Realtime metrics recorded
[0] 10:45:26 [[36minfo[39m]: Realtime metrics recorded
[0] 10:45:56 [[36minfo[39m]: Realtime metrics recorded
[0] 10:46:26 [[36minfo[39m]: Realtime metrics recorded
[0] 10:46:56 [[36minfo[39m]: Realtime metrics recorded
[0] 10:47:26 [[36minfo[39m]: Realtime metrics recorded
[0] 10:47:56 [[36minfo[39m]: Realtime metrics recorded
[0] 10:48:26 [[36minfo[39m]: Realtime metrics recorded
[0] 10:48:56 [[36minfo[39m]: Realtime metrics recorded
[0] 10:49:26 [[36minfo[39m]: Realtime metrics recorded
[0] 10:49:56 [[36minfo[39m]: Realtime metrics recorded
[0] 10:50:26 [[36minfo[39m]: Realtime metrics recorded
[0] 10:50:56 [[36minfo[39m]: Realtime metrics recorded
[0] 10:51:26 [[36minfo[39m]: Realtime metrics recorded
[0] 10:51:56 [[36minfo[39m]: Realtime metrics recorded
[0] 10:52:26 [[36minfo[39m]: Realtime metrics recorded
[0] 10:52:56 [[36minfo[39m]: Realtime metrics recorded
[0] 10:53:26 [[36minfo[39m]: Realtime metrics recorded
[0] 10:53:56 [[36minfo[39m]: Realtime metrics recorded
[0] 10:54:26 [[36minfo[39m]: Realtime metrics recorded
[0] 10:54:56 [[36minfo[39m]: Realtime metrics recorded
[0] 10:55:26 [[36minfo[39m]: Realtime metrics recorded
[0] 10:55:56 [[36minfo[39m]: Realtime metrics recorded
[0] 10:56:26 [[36minfo[39m]: Realtime metrics recorded
[0] 10:56:56 [[36minfo[39m]: Realtime metrics recorded
[0] 10:57:26 [[36minfo[39m]: Realtime metrics recorded
[0] 10:57:56 [[36minfo[39m]: Realtime metrics recorded
[0] 10:58:26 [[36minfo[39m]: Realtime metrics recorded
[0] 10:58:56 [[36minfo[39m]: Realtime metrics recorded
[0] 10:59:26 [[36minfo[39m]: Realtime metrics recorded
[0] 10:59:56 [[36minfo[39m]: Realtime metrics recorded
[0] 11:00:26 [[36minfo[39m]: Realtime metrics recorded
[0] 11:00:56 [[36minfo[39m]: Realtime metrics recorded
[0] 11:01:26 [[36minfo[39m]: Realtime metrics recorded
[0] 11:01:56 [[36minfo[39m]: Realtime metrics recorded
[0] 11:02:26 [[36minfo[39m]: Realtime metrics recorded
[0] 11:02:56 [[36minfo[39m]: Realtime metrics recorded
[0] 11:03:26 [[36minfo[39m]: Realtime metrics recorded
[0] 11:03:56 [[36minfo[39m]: Realtime metrics recorded
[0] 11:04:26 [[36minfo[39m]: Realtime metrics recorded
[0] 11:04:56 [[36minfo[39m]: Realtime metrics recorded
[0] 11:05:26 [[36minfo[39m]: Realtime metrics recorded
[0] 11:05:56 [[36minfo[39m]: Realtime metrics recorded
[0] 11:06:26 [[36minfo[39m]: Realtime metrics recorded
[0] 11:06:56 [[36minfo[39m]: Realtime metrics recorded
[0] 11:07:26 [[36minfo[39m]: Realtime metrics recorded
[0] 11:07:56 [[36minfo[39m]: Realtime metrics recorded
[0] 11:08:26 [[36minfo[39m]: Realtime metrics recorded
[0] 11:08:56 [[36minfo[39m]: Realtime metrics recorded
[0] 11:09:26 [[36minfo[39m]: Realtime metrics recorded
[0] 11:09:56 [[36minfo[39m]: Realtime metrics recorded
[0] 11:10:26 [[36minfo[39m]: Realtime metrics recorded
[0] 11:10:56 [[36minfo[39m]: Realtime metrics recorded
[0] 11:11:26 [[36minfo[39m]: Realtime metrics recorded
[0] 11:11:56 [[36minfo[39m]: Realtime metrics recorded
[0] 11:12:26 [[36minfo[39m]: Realtime metrics recorded
[0] 11:12:56 [[36minfo[39m]: Realtime metrics recorded
[0] 11:13:26 [[36minfo[39m]: Realtime metrics recorded
[0] 11:13:56 [[36minfo[39m]: Realtime metrics recorded
[0] 11:14:26 [[36minfo[39m]: Realtime metrics recorded
[0] 11:14:56 [[36minfo[39m]: Realtime metrics recorded
[0] 11:15:26 [[36minfo[39m]: Realtime metrics recorded
[0] 11:15:56 [[36minfo[39m]: Realtime metrics recorded
[0] 11:16:26 [[36minfo[39m]: Realtime metrics recorded
[0] 11:16:56 [[36minfo[39m]: Realtime metrics recorded
[0] 11:17:26 [[36minfo[39m]: Realtime metrics recorded
[0] 11:17:56 [[36minfo[39m]: Realtime metrics recorded
[0] 11:18:26 [[36minfo[39m]: Realtime metrics recorded
[0] 11:18:56 [[36minfo[39m]: Realtime metrics recorded
[0] 11:19:26 [[36minfo[39m]: Realtime metrics recorded
[0] 11:19:56 [[36minfo[39m]: Realtime metrics recorded
[0] 11:20:26 [[36minfo[39m]: Realtime metrics recorded
[0] 11:20:56 [[36minfo[39m]: Realtime metrics recorded
[0] 11:21:26 [[36minfo[39m]: Realtime metrics recorded
[0] 11:27:01 [[36minfo[39m]: Realtime metrics recorded
[0] 11:44:09 [[36minfo[39m]: Realtime metrics recorded
[0] 11:44:39 [[36minfo[39m]: Realtime metrics recorded
[0] 11:45:09 [[36minfo[39m]: Realtime metrics recorded
[0] 11:45:39 [[36minfo[39m]: Realtime metrics recorded
[0] 11:46:09 [[36minfo[39m]: Realtime metrics recorded
[0] 11:46:39 [[36minfo[39m]: Realtime metrics recorded
[0] 11:47:09 [[36minfo[39m]: Realtime metrics recorded
[0] 11:47:39 [[36minfo[39m]: Realtime metrics recorded
[0] 11:48:09 [[36minfo[39m]: Realtime metrics recorded
[0] 11:48:39 [[36minfo[39m]: Realtime metrics recorded
[0] 11:49:09 [[36minfo[39m]: Realtime metrics recorded
[0] 11:49:39 [[36minfo[39m]: Realtime metrics recorded
[0] 11:50:09 [[36minfo[39m]: Realtime metrics recorded
[0] 11:50:39 [[36minfo[39m]: Realtime metrics recorded
[0] 11:51:09 [[36minfo[39m]: Realtime metrics recorded
[0] 11:51:39 [[36minfo[39m]: Realtime metrics recorded
[0] 11:52:09 [[36minfo[39m]: Realtime metrics recorded
[0] 11:52:39 [[36minfo[39m]: Realtime metrics recorded
[0] 11:53:09 [[36minfo[39m]: Realtime metrics recorded
[0] 11:53:39 [[36minfo[39m]: Realtime metrics recorded
[0] 11:54:09 [[36minfo[39m]: Realtime metrics recorded
[0] 11:54:39 [[36minfo[39m]: Realtime metrics recorded
[0] 11:55:09 [[36minfo[39m]: Realtime metrics recorded
[0] 11:55:39 [[36minfo[39m]: Realtime metrics recorded
[0] 11:56:09 [[36minfo[39m]: Realtime metrics recorded
[0] 11:56:39 [[36minfo[39m]: Realtime metrics recorded
[0] 11:57:09 [[36minfo[39m]: Realtime metrics recorded
[0] 11:57:39 [[36minfo[39m]: Realtime metrics recorded
[0] 11:58:09 [[36minfo[39m]: Realtime metrics recorded
[0] 11:58:39 [[36minfo[39m]: Realtime metrics recorded
[0] 11:59:09 [[36minfo[39m]: Realtime metrics recorded
[0] 11:59:39 [[36minfo[39m]: Realtime metrics recorded
[0] 12:00:09 [[36minfo[39m]: Realtime metrics recorded
[0] 12:00:39 [[36minfo[39m]: Realtime metrics recorded
[0] 12:01:09 [[36minfo[39m]: Realtime metrics recorded
[0] 12:01:39 [[36minfo[39m]: Realtime metrics recorded
[0] 12:02:09 [[36minfo[39m]: Realtime metrics recorded
[0] 12:02:39 [[36minfo[39m]: Realtime metrics recorded
[0] 12:03:09 [[36minfo[39m]: Realtime metrics recorded
[0] 12:03:39 [[36minfo[39m]: Realtime metrics recorded
[0] 12:04:09 [[36minfo[39m]: Realtime metrics recorded
[0] 12:04:39 [[36minfo[39m]: Realtime metrics recorded
[0] 12:05:09 [[36minfo[39m]: Realtime metrics recorded
[0] 12:05:39 [[36minfo[39m]: Realtime metrics recorded
[0] 12:06:09 [[36minfo[39m]: Realtime metrics recorded
[0] 12:06:39 [[36minfo[39m]: Realtime metrics recorded
[0] 12:07:09 [[36minfo[39m]: Realtime metrics recorded
[0] 12:07:39 [[36minfo[39m]: Realtime metrics recorded
[0] 12:08:09 [[36minfo[39m]: Realtime metrics recorded
[0] 12:08:39 [[36minfo[39m]: Realtime metrics recorded
[0] 12:09:09 [[36minfo[39m]: Realtime metrics recorded
[0] 12:09:39 [[36minfo[39m]: Realtime metrics recorded
[0] 12:10:09 [[36minfo[39m]: Realtime metrics recorded
[0] 12:10:39 [[36minfo[39m]: Realtime metrics recorded
[0] 12:11:09 [[36minfo[39m]: Realtime metrics recorded
[0] 12:11:39 [[36minfo[39m]: Realtime metrics recorded
[0] 12:12:09 [[36minfo[39m]: Realtime metrics recorded
[0] 12:12:39 [[36minfo[39m]: Realtime metrics recorded
[0] 12:13:09 [[36minfo[39m]: Realtime metrics recorded
[0] 12:13:39 [[36minfo[39m]: Realtime metrics recorded
[0] 12:14:09 [[36minfo[39m]: Realtime metrics recorded
[0] 12:14:39 [[36minfo[39m]: Realtime metrics recorded
[0] 12:15:09 [[36minfo[39m]: Realtime metrics recorded
[0] 12:15:39 [[36minfo[39m]: Realtime metrics recorded
[0] 12:16:09 [[36minfo[39m]: Realtime metrics recorded
[0] 12:16:39 [[36minfo[39m]: Realtime metrics recorded
[0] 12:17:09 [[36minfo[39m]: Realtime metrics recorded
[0] 12:17:39 [[36minfo[39m]: Realtime metrics recorded
[0] 12:18:09 [[36minfo[39m]: Realtime metrics recorded
[0] 12:18:39 [[36minfo[39m]: Realtime metrics recorded
[0] 12:19:09 [[36minfo[39m]: Realtime metrics recorded
[0] 12:19:39 [[36minfo[39m]: Realtime metrics recorded
[0] 12:20:09 [[36minfo[39m]: Realtime metrics recorded
[0] 12:20:39 [[36minfo[39m]: Realtime metrics recorded
[0] 12:21:09 [[36minfo[39m]: Realtime metrics recorded
[0] 12:21:39 [[36minfo[39m]: Realtime metrics recorded
[0] 12:22:09 [[36minfo[39m]: Realtime metrics recorded
[0] 12:22:39 [[36minfo[39m]: Realtime metrics recorded
[0] 12:28:23 [[36minfo[39m]: Realtime metrics recorded
[0] 12:37:45 [[36minfo[39m]: Realtime metrics recorded
[0] 12:54:39 [[36minfo[39m]: Realtime metrics recorded
[0] 12:56:50 [[36minfo[39m]: Realtime metrics recorded
[0] 13:25:06 [[36minfo[39m]: Realtime metrics recorded
[0] 13:46:29 [[36minfo[39m]: Realtime metrics recorded
[0] 13:46:59 [[36minfo[39m]: Realtime metrics recorded
[0] 13:47:29 [[36minfo[39m]: Realtime metrics recorded
[0] 13:47:59 [[36minfo[39m]: Realtime metrics recorded
[0] 13:48:29 [[36minfo[39m]: Realtime metrics recorded
[0] 13:48:59 [[36minfo[39m]: Realtime metrics recorded
[0] 13:49:29 [[36minfo[39m]: Realtime metrics recorded
[0] 13:49:59 [[36minfo[39m]: Realtime metrics recorded
[0] 13:50:29 [[36minfo[39m]: Realtime metrics recorded
[0] 13:50:59 [[36minfo[39m]: Realtime metrics recorded
[0] 13:51:29 [[36minfo[39m]: Realtime metrics recorded
[0] 13:51:59 [[36minfo[39m]: Realtime metrics recorded
[0] 13:52:29 [[36minfo[39m]: Realtime metrics recorded
[0] 13:52:59 [[36minfo[39m]: Realtime metrics recorded
[0] 13:53:29 [[36minfo[39m]: Realtime metrics recorded
[0] 13:53:59 [[36minfo[39m]: Realtime metrics recorded
[0] 13:54:29 [[36minfo[39m]: Realtime metrics recorded
[0] 13:54:59 [[36minfo[39m]: Realtime metrics recorded
[0] 13:55:29 [[36minfo[39m]: Realtime metrics recorded
[0] 13:55:59 [[36minfo[39m]: Realtime metrics recorded
[0] 13:56:29 [[36minfo[39m]: Realtime metrics recorded
[0] 13:56:59 [[36minfo[39m]: Realtime metrics recorded
[0] 13:57:29 [[36minfo[39m]: Realtime metrics recorded
[0] 13:57:59 [[36minfo[39m]: Realtime metrics recorded
[0] 13:58:29 [[36minfo[39m]: Realtime metrics recorded
[0] 13:58:59 [[36minfo[39m]: Realtime metrics recorded
[0] 13:59:29 [[36minfo[39m]: Realtime metrics recorded
[0] 13:59:59 [[36minfo[39m]: Realtime metrics recorded
[0] 14:00:29 [[36minfo[39m]: Realtime metrics recorded
[0] 14:00:59 [[36minfo[39m]: Realtime metrics recorded
[0] 14:01:29 [[36minfo[39m]: Realtime metrics recorded
[0] 14:01:59 [[36minfo[39m]: Realtime metrics recorded
[0] 14:17:54 [[36minfo[39m]: Realtime metrics recorded
[0] 14:27:16 [[36minfo[39m]: Realtime metrics recorded
[0] 14:27:46 [[36minfo[39m]: Realtime metrics recorded
[0] 14:28:16 [[36minfo[39m]: Realtime metrics recorded
[0] 14:28:46 [[36minfo[39m]: Realtime metrics recorded
[0] 14:29:16 [[36minfo[39m]: Realtime metrics recorded
[0] 14:29:46 [[36minfo[39m]: Realtime metrics recorded
[0] 14:30:16 [[36minfo[39m]: Realtime metrics recorded
[0] 14:30:46 [[36minfo[39m]: Realtime metrics recorded
[0] 14:31:16 [[36minfo[39m]: Realtime metrics recorded
[0] 14:31:46 [[36minfo[39m]: Realtime metrics recorded
[0] 14:32:16 [[36minfo[39m]: Realtime metrics recorded
[0] 14:32:46 [[36minfo[39m]: Realtime metrics recorded
[0] 14:33:16 [[36minfo[39m]: Realtime metrics recorded
[0] 14:33:46 [[36minfo[39m]: Realtime metrics recorded
[0] 14:34:16 [[36minfo[39m]: Realtime metrics recorded
[0] 14:34:46 [[36minfo[39m]: Realtime metrics recorded
[0] 14:35:16 [[36minfo[39m]: Realtime metrics recorded
[0] 14:35:46 [[36minfo[39m]: Realtime metrics recorded
[0] 14:36:16 [[36minfo[39m]: Realtime metrics recorded
[0] 14:36:46 [[36minfo[39m]: Realtime metrics recorded
[0] 14:37:16 [[36minfo[39m]: Realtime metrics recorded
[0] 14:37:46 [[36minfo[39m]: Realtime metrics recorded
[0] 14:38:16 [[36minfo[39m]: Realtime metrics recorded
[0] 14:38:46 [[36minfo[39m]: Realtime metrics recorded
[0] 14:39:16 [[36minfo[39m]: Realtime metrics recorded
[0] 14:39:46 [[36minfo[39m]: Realtime metrics recorded
[0] 14:40:16 [[36minfo[39m]: Realtime metrics recorded
[0] 14:40:46 [[36minfo[39m]: Realtime metrics recorded
[0] 14:41:16 [[36minfo[39m]: Realtime metrics recorded
[0] 14:41:46 [[36minfo[39m]: Realtime metrics recorded
[0] 14:42:16 [[36minfo[39m]: Realtime metrics recorded
[0] 14:42:46 [[36minfo[39m]: Realtime metrics recorded
[0] 14:43:16 [[36minfo[39m]: Realtime metrics recorded
[0] 14:43:46 [[36minfo[39m]: Realtime metrics recorded
[0] 14:44:16 [[36minfo[39m]: Realtime metrics recorded
[0] 14:44:46 [[36minfo[39m]: Realtime metrics recorded
[0] 14:45:16 [[36minfo[39m]: Realtime metrics recorded
[0] 14:45:46 [[36minfo[39m]: Realtime metrics recorded
[0] 14:46:16 [[36minfo[39m]: Realtime metrics recorded
[0] 14:46:46 [[36minfo[39m]: Realtime metrics recorded
[0] 14:47:16 [[36minfo[39m]: Realtime metrics recorded
[0] 14:47:46 [[36minfo[39m]: Realtime metrics recorded
[0] 14:48:16 [[36minfo[39m]: Realtime metrics recorded
[0] 14:48:46 [[36minfo[39m]: Realtime metrics recorded
[0] 14:49:16 [[36minfo[39m]: Realtime metrics recorded
[0] 14:49:46 [[36minfo[39m]: Realtime metrics recorded
[0] 14:50:16 [[36minfo[39m]: Realtime metrics recorded
[0] 14:50:46 [[36minfo[39m]: Realtime metrics recorded
[0] 14:51:16 [[36minfo[39m]: Realtime metrics recorded
[0] 14:51:46 [[36minfo[39m]: Realtime metrics recorded
[0] 14:52:16 [[36minfo[39m]: Realtime metrics recorded
[0] 14:52:46 [[36minfo[39m]: Realtime metrics recorded
[0] 14:53:16 [[36minfo[39m]: Realtime metrics recorded
[0] 14:53:46 [[36minfo[39m]: Realtime metrics recorded
[0] 14:54:16 [[36minfo[39m]: Realtime metrics recorded
[0] 14:54:46 [[36minfo[39m]: Realtime metrics recorded
[0] 14:55:16 [[36minfo[39m]: Realtime metrics recorded
[0] 14:55:46 [[36minfo[39m]: Realtime metrics recorded
[0] 14:56:16 [[36minfo[39m]: Realtime metrics recorded
[0] 14:56:46 [[36minfo[39m]: Realtime metrics recorded
[0] 14:57:16 [[36minfo[39m]: Realtime metrics recorded
[0] 14:57:46 [[36minfo[39m]: Realtime metrics recorded
[0] 14:58:16 [[36minfo[39m]: Realtime metrics recorded
[0] 14:58:46 [[36minfo[39m]: Realtime metrics recorded
[0] 14:59:16 [[36minfo[39m]: Realtime metrics recorded
[0] 14:59:46 [[36minfo[39m]: Realtime metrics recorded
[0] 15:00:16 [[36minfo[39m]: Realtime metrics recorded
[0] 15:00:46 [[36minfo[39m]: Realtime metrics recorded
[0] 15:01:16 [[36minfo[39m]: Realtime metrics recorded
[0] 15:01:46 [[36minfo[39m]: Realtime metrics recorded
[0] 15:02:16 [[36minfo[39m]: Realtime metrics recorded
[0] 15:02:46 [[36minfo[39m]: Realtime metrics recorded
[0] 15:03:16 [[36minfo[39m]: Realtime metrics recorded
[0] 15:03:46 [[36minfo[39m]: Realtime metrics recorded
[0] 15:04:16 [[36minfo[39m]: Realtime metrics recorded
[0] 15:04:46 [[36minfo[39m]: Realtime metrics recorded
[0] 15:05:16 [[36minfo[39m]: Realtime metrics recorded
[0] 15:05:46 [[36minfo[39m]: Realtime metrics recorded
[0] 15:06:16 [[36minfo[39m]: Realtime metrics recorded
[0] 15:06:46 [[36minfo[39m]: Realtime metrics recorded
[0] 15:07:16 [[36minfo[39m]: Realtime metrics recorded
[0] 15:07:46 [[36minfo[39m]: Realtime metrics recorded
[0] 15:08:16 [[36minfo[39m]: Realtime metrics recorded
[0] 15:08:46 [[36minfo[39m]: Realtime metrics recorded
[0] 15:09:16 [[36minfo[39m]: Realtime metrics recorded
[0] 15:09:46 [[36minfo[39m]: Realtime metrics recorded
[0] 15:10:16 [[36minfo[39m]: Realtime metrics recorded
[0] 15:10:46 [[36minfo[39m]: Realtime metrics recorded
[0] 15:11:16 [[36minfo[39m]: Realtime metrics recorded
[0] 15:11:46 [[36minfo[39m]: Realtime metrics recorded
[0] 15:12:16 [[36minfo[39m]: Realtime metrics recorded
[0] 15:12:46 [[36minfo[39m]: Realtime metrics recorded
[0] 15:13:16 [[36minfo[39m]: Realtime metrics recorded
[0] 15:13:46 [[36minfo[39m]: Realtime metrics recorded
[0] 15:14:16 [[36minfo[39m]: Realtime metrics recorded
[0] 15:14:46 [[36minfo[39m]: Realtime metrics recorded
[0] 15:15:16 [[36minfo[39m]: Realtime metrics recorded
[0] 15:15:46 [[36minfo[39m]: Realtime metrics recorded
[0] 15:16:16 [[36minfo[39m]: Realtime metrics recorded
[0] 15:16:46 [[36minfo[39m]: Realtime metrics recorded
[0] 15:17:16 [[36minfo[39m]: Realtime metrics recorded
[0] 15:17:46 [[36minfo[39m]: Realtime metrics recorded
[0] 15:18:16 [[36minfo[39m]: Realtime metrics recorded
